# JRE version: OpenJDK Runtime Environment Temurin-21.0.10+7 (21.0.10+7) (build 21.0.10+7-LTS)
# Java VM: OpenJDK 64-Bit Server VM Temurin-21.0.10+7 (21.0.10+7-LTS, mixed mode, sharing, tiered, compressed oops, compressed class ptrs, parallel gc, windows-amd64)
GC Precious Log:
 CardTable entry size: 512
 CPUs: 4 total, 4 available
 Memory: 3953M
 Large Page Support: Disabled
 NUMA Support: Disabled
 Compressed Oops: Enabled (32-bit)
 Alignments: Space 512K, Generation 512K, Heap 2M
 Heap Min Capacity: 100M
 Heap Initial Capacity: 100M
 Heap Max Capacity: 2G
 Pre-touch: Disabled
 Parallel Workers: 4
Heap:
 PSYoungGen      total 5632K, used 2024K [0x00000000d5580000, 0x00000000d5c80000, 0x0000000100000000)
  eden space 4096K, 23% used [0x00000000d5580000,0x00000000d56741a8,0x00000000d5980000)
  from space 1536K, 68% used [0x00000000d5b00000,0x00000000d5c060b0,0x00000000d5c80000)
  to   space 1536K, 0% used [0x00000000d5980000,0x00000000d5980000,0x00000000d5b00000)
 ParOldGen       total 827392K, used 827276K [0x0000000080000000, 0x00000000b2800000, 0x00000000d5580000)
  object space 827392K, 99% used [0x0000000080000000,0x00000000b27e3058,0x00000000b2800000)
 Metaspace       used 72602K, committed 74240K, reserved 1179648K
  class space    used 7758K, committed 8512K, reserved 1048576K
GC Heap History (20 events):
Event: 193.434 GC heap before
{Heap before GC invocations=1299 (full 4):
 PSYoungGen      total 6656K, used 6639K [0x00000000d5580000, 0x00000000d5e80000, 0x0000000100000000)
  eden space 5632K, 100% used [0x00000000d5580000,0x00000000d5b00000,0x00000000d5b00000)
  from space 1024K, 98% used [0x00000000d5c80000,0x00000000d5d7be50,0x00000000d5d80000)
  to   space 1536K, 0% used [0x00000000d5b00000,0x00000000d5b00000,0x00000000d5c80000)
 ParOldGen       total 823296K, used 823181K [0x0000000080000000, 0x00000000b2400000, 0x00000000d5580000)
  object space 823296K, 99% used [0x0000000080000000,0x00000000b23e3610,0x00000000b2400000)
 Metaspace       used 72548K, committed 74176K, reserved 1179648K
  class space    used 7754K, committed 8512K, reserved 1048576K
}
Event: 193.441 GC heap after
{Heap after GC invocations=1299 (full 4):
 PSYoungGen      total 6656K, used 878K [0x00000000d5580000, 0x00000000d5d00000, 0x0000000100000000)
  eden space 5632K, 0% used [0x00000000d5580000,0x00000000d5580000,0x00000000d5b00000)
  from space 1024K, 85% used [0x00000000d5b00000,0x00000000d5bdba40,0x00000000d5c00000)
  to   space 1024K, 0% used [0x00000000d5c00000,0x00000000d5c00000,0x00000000d5d00000)
 ParOldGen       total 823808K, used 823607K [0x0000000080000000, 0x00000000b2480000, 0x00000000d5580000)
  object space 823808K, 99% used [0x0000000080000000,0x00000000b244de10,0x00000000b2480000)
 Metaspace       used 72548K, committed 74176K, reserved 1179648K
  class space    used 7754K, committed 8512K, reserved 1048576K
}
Event: 193.501 GC heap before
{Heap before GC invocations=1300 (full 4):
 PSYoungGen      total 6656K, used 6510K [0x00000000d5580000, 0x00000000d5d00000, 0x0000000100000000)
  eden space 5632K, 100% used [0x00000000d5580000,0x00000000d5b00000,0x00000000d5b00000)
  from space 1024K, 85% used [0x00000000d5b00000,0x00000000d5bdba40,0x00000000d5c00000)
  to   space 1024K, 0% used [0x00000000d5c00000,0x00000000d5c00000,0x00000000d5d00000)
 ParOldGen       total 823808K, used 823607K [0x0000000080000000, 0x00000000b2480000, 0x00000000d5580000)
  object space 823808K, 99% used [0x0000000080000000,0x00000000b244de10,0x00000000b2480000)
 Metaspace       used 72548K, committed 74176K, reserved 1179648K
  class space    used 7754K, committed 8512K, reserved 1048576K
}
Event: 193.510 GC heap after
{Heap after GC invocations=1300 (full 4):
 PSYoungGen      total 6144K, used 1000K [0x00000000d5580000, 0x00000000d5e00000, 0x0000000100000000)
  eden space 5120K, 0% used [0x00000000d5580000,0x00000000d5580000,0x00000000d5a80000)
  from space 1024K, 97% used [0x00000000d5c00000,0x00000000d5cfa198,0x00000000d5d00000)
  to   space 1536K, 0% used [0x00000000d5a80000,0x00000000d5a80000,0x00000000d5c00000)
 ParOldGen       total 823808K, used 823695K [0x0000000080000000, 0x00000000b2480000, 0x00000000d5580000)
  object space 823808K, 99% used [0x0000000080000000,0x00000000b2463e10,0x00000000b2480000)
 Metaspace       used 72548K, committed 74176K, reserved 1179648K
  class space    used 7754K, committed 8512K, reserved 1048576K
}
Event: 193.593 GC heap before
{Heap before GC invocations=1301 (full 4):
 PSYoungGen      total 6144K, used 6120K [0x00000000d5580000, 0x00000000d5e00000, 0x0000000100000000)
  eden space 5120K, 100% used [0x00000000d5580000,0x00000000d5a80000,0x00000000d5a80000)
  from space 1024K, 97% used [0x00000000d5c00000,0x00000000d5cfa198,0x00000000d5d00000)
  to   space 1536K, 0% used [0x00000000d5a80000,0x00000000d5a80000,0x00000000d5c00000)
 ParOldGen       total 823808K, used 823695K [0x0000000080000000, 0x00000000b2480000, 0x00000000d5580000)
  object space 823808K, 99% used [0x0000000080000000,0x00000000b2463e10,0x00000000b2480000)
 Metaspace       used 72548K, committed 74176K, reserved 1179648K
  class space    used 7754K, committed 8512K, reserved 1048576K
}
Event: 193.601 GC heap after
{Heap after GC invocations=1301 (full 4):
 PSYoungGen      total 6144K, used 804K [0x00000000d5580000, 0x00000000d5c80000, 0x0000000100000000)
  eden space 5120K, 0% used [0x00000000d5580000,0x00000000d5580000,0x00000000d5a80000)
  from space 1024K, 78% used [0x00000000d5a80000,0x00000000d5b49378,0x00000000d5b80000)
  to   space 1024K, 0% used [0x00000000d5b80000,0x00000000d5b80000,0x00000000d5c80000)
 ParOldGen       total 825344K, used 825003K [0x0000000080000000, 0x00000000b2600000, 0x00000000d5580000)
  object space 825344K, 99% used [0x0000000080000000,0x00000000b25aad48,0x00000000b2600000)
 Metaspace       used 72548K, committed 74176K, reserved 1179648K
  class space    used 7754K, committed 8512K, reserved 1048576K
}
Event: 193.705 GC heap before
{Heap before GC invocations=1302 (full 4):
 PSYoungGen      total 6144K, used 5924K [0x00000000d5580000, 0x00000000d5c80000, 0x0000000100000000)
  eden space 5120K, 100% used [0x00000000d5580000,0x00000000d5a80000,0x00000000d5a80000)
  from space 1024K, 78% used [0x00000000d5a80000,0x00000000d5b49378,0x00000000d5b80000)
  to   space 1024K, 0% used [0x00000000d5b80000,0x00000000d5b80000,0x00000000d5c80000)
 ParOldGen       total 825344K, used 825003K [0x0000000080000000, 0x00000000b2600000, 0x00000000d5580000)
  object space 825344K, 99% used [0x0000000080000000,0x00000000b25aad48,0x00000000b2600000)
 Metaspace       used 72548K, committed 74176K, reserved 1179648K
  class space    used 7754K, committed 8512K, reserved 1048576K
}
Event: 193.714 GC heap after
{Heap after GC invocations=1302 (full 4):
 PSYoungGen      total 5120K, used 1007K [0x00000000d5580000, 0x00000000d5e80000, 0x0000000100000000)
  eden space 4096K, 0% used [0x00000000d5580000,0x00000000d5580000,0x00000000d5980000)
  from space 1024K, 98% used [0x00000000d5b80000,0x00000000d5c7bd70,0x00000000d5c80000)
  to   space 2048K, 0% used [0x00000000d5980000,0x00000000d5980000,0x00000000d5b80000)
 ParOldGen       total 825856K, used 825853K [0x0000000080000000, 0x00000000b2680000, 0x00000000d5580000)
  object space 825856K, 99% used [0x0000000080000000,0x00000000b267f538,0x00000000b2680000)
 Metaspace       used 72548K, committed 74176K, reserved 1179648K
  class space    used 7754K, committed 8512K, reserved 1048576K
}
Event: 193.871 GC heap before
{Heap before GC invocations=1303 (full 4):
 PSYoungGen      total 5120K, used 5103K [0x00000000d5580000, 0x00000000d5e80000, 0x0000000100000000)
  eden space 4096K, 100% used [0x00000000d5580000,0x00000000d5980000,0x00000000d5980000)
  from space 1024K, 98% used [0x00000000d5b80000,0x00000000d5c7bd70,0x00000000d5c80000)
  to   space 2048K, 0% used [0x00000000d5980000,0x00000000d5980000,0x00000000d5b80000)
 ParOldGen       total 825856K, used 825853K [0x0000000080000000, 0x00000000b2680000, 0x00000000d5580000)
  object space 825856K, 99% used [0x0000000080000000,0x00000000b267f538,0x00000000b2680000)
 Metaspace       used 72548K, committed 74176K, reserved 1179648K
  class space    used 7754K, committed 8512K, reserved 1048576K
}
Event: 193.876 GC heap after
{Heap after GC invocations=1303 (full 4):
 PSYoungGen      total 5632K, used 1276K [0x00000000d5580000, 0x00000000d5c80000, 0x0000000100000000)
  eden space 4096K, 0% used [0x00000000d5580000,0x00000000d5580000,0x00000000d5980000)
  from space 1536K, 83% used [0x00000000d5980000,0x00000000d5abf188,0x00000000d5b00000)
  to   space 1536K, 0% used [0x00000000d5b00000,0x00000000d5b00000,0x00000000d5c80000)
 ParOldGen       total 826368K, used 825913K [0x0000000080000000, 0x00000000b2700000, 0x00000000d5580000)
  object space 826368K, 99% used [0x0000000080000000,0x00000000b268e590,0x00000000b2700000)
 Metaspace       used 72548K, committed 74176K, reserved 1179648K
  class space    used 7754K, committed 8512K, reserved 1048576K
}
Event: 193.932 GC heap before
{Heap before GC invocations=1304 (full 4):
 PSYoungGen      total 5632K, used 5372K [0x00000000d5580000, 0x00000000d5c80000, 0x0000000100000000)
  eden space 4096K, 100% used [0x00000000d5580000,0x00000000d5980000,0x00000000d5980000)
  from space 1536K, 83% used [0x00000000d5980000,0x00000000d5abf188,0x00000000d5b00000)
  to   space 1536K, 0% used [0x00000000d5b00000,0x00000000d5b00000,0x00000000d5c80000)
 ParOldGen       total 826368K, used 825913K [0x0000000080000000, 0x00000000b2700000, 0x00000000d5580000)
  object space 826368K, 99% used [0x0000000080000000,0x00000000b268e590,0x00000000b2700000)
 Metaspace       used 72548K, committed 74176K, reserved 1179648K
  class space    used 7754K, committed 8512K, reserved 1048576K
}
Event: 193.936 GC heap after
{Heap after GC invocations=1304 (full 4):
 PSYoungGen      total 4608K, used 482K [0x00000000d5580000, 0x00000000d5b80000, 0x0000000100000000)
  eden space 4096K, 0% used [0x00000000d5580000,0x00000000d5580000,0x00000000d5980000)
  from space 512K, 94% used [0x00000000d5b00000,0x00000000d5b78bb8,0x00000000d5b80000)
  to   space 1024K, 0% used [0x00000000d5980000,0x00000000d5980000,0x00000000d5a80000)
 ParOldGen       total 827392K, used 826882K [0x0000000080000000, 0x00000000b2800000, 0x00000000d5580000)
  object space 827392K, 99% used [0x0000000080000000,0x00000000b2780b30,0x00000000b2800000)
 Metaspace       used 72548K, committed 74176K, reserved 1179648K
  class space    used 7754K, committed 8512K, reserved 1048576K
}
Event: 193.987 GC heap before
{Heap before GC invocations=1305 (full 4):
 PSYoungGen      total 4608K, used 4578K [0x00000000d5580000, 0x00000000d5b80000, 0x0000000100000000)
  eden space 4096K, 100% used [0x00000000d5580000,0x00000000d5980000,0x00000000d5980000)
  from space 512K, 94% used [0x00000000d5b00000,0x00000000d5b78bb8,0x00000000d5b80000)
  to   space 1024K, 0% used [0x00000000d5980000,0x00000000d5980000,0x00000000d5a80000)
 ParOldGen       total 827392K, used 826882K [0x0000000080000000, 0x00000000b2800000, 0x00000000d5580000)
  object space 827392K, 99% used [0x0000000080000000,0x00000000b2780b30,0x00000000b2800000)
 Metaspace       used 72548K, committed 74176K, reserved 1179648K
  class space    used 7754K, committed 8512K, reserved 1048576K
}
Event: 193.990 GC heap after
{Heap after GC invocations=1305 (full 4):
 PSYoungGen      total 5120K, used 730K [0x00000000d5580000, 0x00000000d5b80000, 0x0000000100000000)
  eden space 4096K, 0% used [0x00000000d5580000,0x00000000d5580000,0x00000000d5980000)
  from space 1024K, 71% used [0x00000000d5980000,0x00000000d5a36aa0,0x00000000d5a80000)
  to   space 1024K, 0% used [0x00000000d5a80000,0x00000000d5a80000,0x00000000d5b80000)
 ParOldGen       total 827392K, used 826882K [0x0000000080000000, 0x00000000b2800000, 0x00000000d5580000)
  object space 827392K, 99% used [0x0000000080000000,0x00000000b2780b30,0x00000000b2800000)
 Metaspace       used 72548K, committed 74176K, reserved 1179648K
  class space    used 7754K, committed 8512K, reserved 1048576K
}
Event: 194.138 GC heap before
{Heap before GC invocations=1306 (full 4):
 PSYoungGen      total 5120K, used 4826K [0x00000000d5580000, 0x00000000d5b80000, 0x0000000100000000)
  eden space 4096K, 100% used [0x00000000d5580000,0x00000000d5980000,0x00000000d5980000)
  from space 1024K, 71% used [0x00000000d5980000,0x00000000d5a36aa0,0x00000000d5a80000)
  to   space 1024K, 0% used [0x00000000d5a80000,0x00000000d5a80000,0x00000000d5b80000)
 ParOldGen       total 827392K, used 826882K [0x0000000080000000, 0x00000000b2800000, 0x00000000d5580000)
  object space 827392K, 99% used [0x0000000080000000,0x00000000b2780b30,0x00000000b2800000)
 Metaspace       used 72548K, committed 74176K, reserved 1179648K
  class space    used 7754K, committed 8512K, reserved 1048576K
}
Event: 194.143 GC heap after
{Heap after GC invocations=1306 (full 4):
 PSYoungGen      total 5120K, used 830K [0x00000000d5580000, 0x00000000d5b80000, 0x0000000100000000)
  eden space 4096K, 0% used [0x00000000d5580000,0x00000000d5580000,0x00000000d5980000)
  from space 1024K, 81% used [0x00000000d5a80000,0x00000000d5b4f9f0,0x00000000d5b80000)
  to   space 1024K, 0% used [0x00000000d5980000,0x00000000d5980000,0x00000000d5a80000)
 ParOldGen       total 827392K, used 826882K [0x0000000080000000, 0x00000000b2800000, 0x00000000d5580000)
  object space 827392K, 99% used [0x0000000080000000,0x00000000b2780b30,0x00000000b2800000)
 Metaspace       used 72548K, committed 74176K, reserved 1179648K
  class space    used 7754K, committed 8512K, reserved 1048576K
}
Event: 194.189 GC heap before
{Heap before GC invocations=1307 (full 4):
 PSYoungGen      total 5120K, used 4926K [0x00000000d5580000, 0x00000000d5b80000, 0x0000000100000000)
  eden space 4096K, 100% used [0x00000000d5580000,0x00000000d5980000,0x00000000d5980000)
  from space 1024K, 81% used [0x00000000d5a80000,0x00000000d5b4f9f0,0x00000000d5b80000)
  to   space 1024K, 0% used [0x00000000d5980000,0x00000000d5980000,0x00000000d5a80000)
 ParOldGen       total 827392K, used 826882K [0x0000000080000000, 0x00000000b2800000, 0x00000000d5580000)
  object space 827392K, 99% used [0x0000000080000000,0x00000000b2780b30,0x00000000b2800000)
 Metaspace       used 72548K, committed 74176K, reserved 1179648K
  class space    used 7754K, committed 8512K, reserved 1048576K
}
Event: 194.201 GC heap after
{Heap after GC invocations=1307 (full 4):
 PSYoungGen      total 5120K, used 1008K [0x00000000d5580000, 0x00000000d5c80000, 0x0000000100000000)
  eden space 4096K, 0% used [0x00000000d5580000,0x00000000d5580000,0x00000000d5980000)
  from space 1024K, 98% used [0x00000000d5980000,0x00000000d5a7c1c0,0x00000000d5a80000)
  to   space 1536K, 0% used [0x00000000d5b00000,0x00000000d5b00000,0x00000000d5c80000)
 ParOldGen       total 827392K, used 826906K [0x0000000080000000, 0x00000000b2800000, 0x00000000d5580000)
  object space 827392K, 99% used [0x0000000080000000,0x00000000b2786b30,0x00000000b2800000)
 Metaspace       used 72548K, committed 74176K, reserved 1179648K
  class space    used 7754K, committed 8512K, reserved 1048576K
}
Event: 194.445 GC heap before
{Heap before GC invocations=1308 (full 4):
 PSYoungGen      total 5120K, used 5104K [0x00000000d5580000, 0x00000000d5c80000, 0x0000000100000000)
  eden space 4096K, 100% used [0x00000000d5580000,0x00000000d5980000,0x00000000d5980000)
  from space 1024K, 98% used [0x00000000d5980000,0x00000000d5a7c1c0,0x00000000d5a80000)
  to   space 1536K, 0% used [0x00000000d5b00000,0x00000000d5b00000,0x00000000d5c80000)
 ParOldGen       total 827392K, used 826906K [0x0000000080000000, 0x00000000b2800000, 0x00000000d5580000)
  object space 827392K, 99% used [0x0000000080000000,0x00000000b2786b30,0x00000000b2800000)
 Metaspace       used 72598K, committed 74240K, reserved 1179648K
  class space    used 7758K, committed 8512K, reserved 1048576K
}
Event: 194.454 GC heap after
{Heap after GC invocations=1308 (full 4):
 PSYoungGen      total 5632K, used 1048K [0x00000000d5580000, 0x00000000d5c80000, 0x0000000100000000)
  eden space 4096K, 0% used [0x00000000d5580000,0x00000000d5580000,0x00000000d5980000)
  from space 1536K, 68% used [0x00000000d5b00000,0x00000000d5c060b0,0x00000000d5c80000)
  to   space 1536K, 0% used [0x00000000d5980000,0x00000000d5980000,0x00000000d5b00000)
 ParOldGen       total 827392K, used 827276K [0x0000000080000000, 0x00000000b2800000, 0x00000000d5580000)
  object space 827392K, 99% used [0x0000000080000000,0x00000000b27e3058,0x00000000b2800000)
 Metaspace       used 72598K, committed 74240K, reserved 1179648K
  class space    used 7758K, committed 8512K, reserved 1048576K
}

